NekoBox for Android 1.4.1 play DEBUG (225)
Date: 2025-12-31 06:25:38.093 UTC

OS_VERSION: 4.14.117-perf+
SDK_INT: 29
RELEASE: 10
ID: QP1A.190711.020
DISPLAY: QP1A.190711.020 release-keys
INCREMENTAL: compiler08291806
SECURITY_PATCH: 2022-06-01
IS_DEBUGGABLE: 0
IS_EMULATOR: null
IS_TREBLE_ENABLED: true
TYPE: user
TAGS: release-keys

MANUFACTURER: vivo
BRAND: vivo
MODEL: V1838A
PRODUCT: PD1838
BOARD: sm6150
HARDWARE: qcom
DEVICE: PD1838
SUPPORTED_ABIS: arm64-v8a, armeabi-v7a, armeabi

Settings: 


Logcat: 

--------- beginning of main
12-31 14:24:27.464 25604 25604 E e.nb4a.debug:b: Unknown bits set in runtime_flags: 0x8000
12-31 14:24:28.160 25604 25653 E VPerformance: Fail to get file list moe.nb4a.debug
--------- beginning of crash
12-31 14:24:53.236 25549 25549 E AndroidRuntime: FATAL EXCEPTION: main
12-31 14:24:53.236 25549 25549 E AndroidRuntime: Process: moe.nb4a.debug, PID: 25549
12-31 14:24:53.236 25549 25549 E AndroidRuntime: java.lang.RuntimeException: Unable to start activity ComponentInfo{moe.nb4a.debug/io.nekohasekai.sagernet.ui.MainActivity}: android.view.InflateException: Binary XML file line #360 in moe.nb4a.debug:layout/layout_main: Binary XML file line #360 in moe.nb4a.debug:layout/layout_main: Error inflating class android.view.View
12-31 14:24:53.236 25549 25549 E AndroidRuntime: 	at android.app.ActivityThread.performLaunchActivity(ActivityThread.java:3689)
12-31 14:24:53.236 25549 25549 E AndroidRuntime: 	at android.app.ActivityThread.handleLaunchActivity(ActivityThread.java:3844)
12-31 14:24:53.236 25549 25549 E AndroidRuntime: 	at android.app.servertransaction.LaunchActivityItem.execute(LaunchActivityItem.java:101)
12-31 14:24:53.236 25549 25549 E AndroidRuntime: 	at android.app.servertransaction.TransactionExecutor.executeCallbacks(TransactionExecutor.java:135)
12-31 14:24:53.236 25549 25549 E AndroidRuntime: 	at android.app.servertransaction.TransactionExecutor.execute(TransactionExecutor.java:95)
12-31 14:24:53.236 25549 25549 E AndroidRuntime: 	at android.app.ActivityThread$H.handleMessage(ActivityThread.java:2300)
12-31 14:24:53.236 25549 25549 E AndroidRuntime: 	at android.os.Handler.dispatchMessage(Handler.java:107)
12-31 14:24:53.236 25549 25549 E AndroidRuntime: 	at android.os.Looper.loop(Looper.java:230)
12-31 14:24:53.236 25549 25549 E AndroidRuntime: 	at android.app.ActivityThread.main(ActivityThread.java:8040)
12-31 14:24:53.236 25549 25549 E AndroidRuntime: 	at java.lang.reflect.Method.invoke(Native Method)
12-31 14:24:53.236 25549 25549 E AndroidRuntime: 	at com.android.internal.os.RuntimeInit$MethodAndArgsCaller.run(RuntimeInit.java:526)
12-31 14:24:53.236 25549 25549 E AndroidRuntime: 	at com.android.internal.os.ZygoteInit.main(ZygoteInit.java:1034)
12-31 14:24:53.236 25549 25549 E AndroidRuntime: Caused by: android.view.InflateException: Binary XML file line #360 in moe.nb4a.debug:layout/layout_main: Binary XML file line #360 in moe.nb4a.debug:layout/layout_main: Error inflating class android.view.View
12-31 14:24:53.236 25549 25549 E AndroidRuntime: Caused by: android.view.InflateException: Binary XML file line #360 in moe.nb4a.debug:layout/layout_main: Error inflating class android.view.View
12-31 14:24:53.236 25549 25549 E AndroidRuntime: Caused by: java.lang.reflect.InvocationTargetException
12-31 14:24:53.236 25549 25549 E AndroidRuntime: 	at java.lang.reflect.Constructor.newInstance0(Native Method)
12-31 14:24:53.236 25549 25549 E AndroidRuntime: 	at java.lang.reflect.Constructor.newInstance(Constructor.java:343)
12-31 14:24:53.236 25549 25549 E AndroidRuntime: 	at android.view.LayoutInflater.createView(LayoutInflater.java:871)
12-31 14:24:53.236 25549 25549 E AndroidRuntime: 	at android.view.LayoutInflater.createView(LayoutInflater.java:790)
12-31 14:24:53.236 25549 25549 E AndroidRuntime: 	at android.view.LayoutInflater.onCreateView(LayoutInflater.java:966)
12-31 14:24:53.236 25549 25549 E AndroidRuntime: 	at com.android.internal.policy.PhoneLayoutInflater.onCreateView(PhoneLayoutInflater.java:68)
12-31 14:24:53.236 25549 25549 E AndroidRuntime: 	at android.view.LayoutInflater.onCreateView(LayoutInflater.java:983)
12-31 14:24:53.236 25549 25549 E AndroidRuntime: 	at android.view.LayoutInflater.onCreateView(LayoutInflater.java:1003)
12-31 14:24:53.236 25549 25549 E AndroidRuntime: 	at android.view.LayoutInflater.createViewFromTag(LayoutInflater.java:1059)
12-31 14:24:53.236 25549 25549 E AndroidRuntime: 	at android.view.LayoutInflater.createViewFromTag(LayoutInflater.java:1014)
12-31 14:24:53.236 25549 25549 E AndroidRuntime: 	at android.view.LayoutInflater.rInflate(LayoutInflater.java:1193)
12-31 14:24:53.236 25549 25549 E AndroidRuntime: 	at android.view.LayoutInflater.rInflateChildren(LayoutInflater.java:1154)
12-31 14:24:53.236 25549 25549 E AndroidRuntime: 	at android.view.LayoutInflater.rInflate(LayoutInflater.java:1196)
12-31 14:24:53.236 25549 25549 E AndroidRuntime: 	at android.view.LayoutInflater.rInflateChildren(LayoutInflater.java:1154)
12-31 14:24:53.236 25549 25549 E AndroidRuntime: 	at android.view.LayoutInflater.rInflate(LayoutInflater.java:1196)
12-31 14:24:53.236 25549 25549 E AndroidRuntime: 	at android.view.LayoutInflater.rInflateChildren(LayoutInflater.java:1154)
12-31 14:24:53.236 25549 25549 E AndroidRuntime: 	at android.view.LayoutInflater.rInflate(LayoutInflater.java:1196)
12-31 14:24:53.236 25549 25549 E AndroidRuntime: 	at android.view.LayoutInflater.rInflateChildren(LayoutInflater.java:1154)
12-31 14:24:53.236 25549 25549 E AndroidRuntime: 	at android.view.LayoutInflater.rInflate(LayoutInflater.java:1196)
12-31 14:24:53.236 25549 25549 E AndroidRuntime: 	at android.view.LayoutInflater.rInflateChildren(LayoutInflater.java:1154)
12-31 14:24:53.236 25549 25549 E AndroidRuntime: 	at android.view.LayoutInflater.rInflate(LayoutInflater.java:1196)
12-31 14:24:53.236 25549 25549 E AndroidRuntime: 	at android.view.LayoutInflater.rInflateChildren(LayoutInflater.java:1154)
12-31 14:24:53.236 25549 25549 E AndroidRuntime: 	at android.view.LayoutInflater.rInflate(LayoutInflater.java:1196)
12-31 14:24:53.236 25549 25549 E AndroidRuntime: 	at android.view.LayoutInflater.rInflateChildren(LayoutInflater.java:1154)
12-31 14:24:53.236 25549 25549 E AndroidRuntime: 	at android.view.LayoutInflater.inflate(LayoutInflater.java:696)
12-31 14:24:53.236 25549 25549 E AndroidRuntime: 	at android.view.LayoutInflater.inflate(LayoutInflater.java:548)
12-31 14:24:53.236 25549 25549 E AndroidRuntime: 	at io.nekohasekai.sagernet.databinding.LayoutMainBinding.inflate(LayoutMainBinding.java:213)
12-31 14:24:53.236 25549 25549 E AndroidRuntime: 	at io.nekohasekai.sagernet.databinding.LayoutMainBinding.inflate(LayoutMainBinding.java:207)
12-31 14:24:53.236 25549 25549 E AndroidRuntime: 	at io.nekohasekai.sagernet.ui.MainActivity.onCreate(MainActivity.kt:174)
12-31 14:24:53.236 25549 25549 E AndroidRuntime: 	at android.app.Activity.performCreate(Activity.java:7894)
12-31 14:24:53.236 25549 25549 E AndroidRuntime: 	at android.app.Activity.performCreate(Activity.java:7883)
12-31 14:24:53.236 25549 25549 E AndroidRuntime: 	at android.app.Instrumentation.callActivityOnCreate(Instrumentation.java:1353)
12-31 14:24:53.236 25549 25549 E AndroidRuntime: 	at android.app.ActivityThread.performLaunchActivity(ActivityThread.java:3664)
12-31 14:24:53.236 25549 25549 E AndroidRuntime: 	at android.app.ActivityThread.handleLaunchActivity(ActivityThread.java:3844)
12-31 14:24:53.236 25549 25549 E AndroidRuntime: 	at android.app.servertransaction.LaunchActivityItem.execute(LaunchActivityItem.java:101)
12-31 14:24:53.236 25549 25549 E AndroidRuntime: 	at android.app.servertransaction.TransactionExecutor.executeCallbacks(TransactionExecutor.java:135)
12-31 14:24:53.236 25549 25549 E AndroidRuntime: 	at android.app.servertransaction.TransactionExecutor.execute(TransactionExecutor.java:95)
12-31 14:24:53.236 25549 25549 E AndroidRuntime: 	at android.app.ActivityThread$H.handleMessage(ActivityThread.java:2300)
12-31 14:24:53.236 25549 25549 E AndroidRuntime: 	at android.os.Handler.dispatchMessage(Handler.java:107)
12-31 14:24:53.236 25549 25549 E AndroidRuntime: 	at android.os.Looper.loop(Looper.java:230)
12-31 14:24:53.236 25549 25549 E AndroidRuntime: 	at android.app.ActivityThread.main(ActivityThread.java:8040)
12-31 14:24:53.236 25549 25549 E AndroidRuntime: 	at java.lang.reflect.Method.invoke(Native Method)
12-31 14:24:53.236 25549 25549 E AndroidRuntime: 	at com.android.internal.os.RuntimeInit$MethodAndArgsCaller.run(RuntimeInit.java:526)
12-31 14:24:53.236 25549 25549 E AndroidRuntime: 	at com.android.internal.os.ZygoteInit.main(ZygoteInit.java:1034)
12-31 14:24:53.236 25549 25549 E AndroidRuntime: Caused by: java.lang.UnsupportedOperationException: Failed to resolve attribute at index 13: TypedValue{t=0x2/d=0x1010129 a=-1}
12-31 14:24:53.236 25549 25549 E AndroidRuntime: 	at android.content.res.TypedArray.getDrawableForDensity(TypedArray.java:996)
12-31 14:24:53.236 25549 25549 E AndroidRuntime: 	at android.content.res.TypedArray.getDrawable(TypedArray.java:980)
12-31 14:24:53.236 25549 25549 E AndroidRuntime: 	at android.view.View.<init>(View.java:5316)
12-31 14:24:53.236 25549 25549 E AndroidRuntime: 	at android.view.View.<init>(View.java:5201)
12-31 14:24:53.236 25549 25549 E AndroidRuntime: 	at android.view.View.<init>(View.java:5180)
12-31 14:24:53.236 25549 25549 E AndroidRuntime: 	... 44 more
12-31 14:24:53.607 25549 25723 F libc    : Fatal signal 6 (SIGABRT), code -1 (SI_QUEUE) in tid 25723 (moe.nb4a.debug), pid 25549 (Shutdown thread)
12-31 14:24:54.660 25781 25781 E moe.nb4a.debug: Unknown bits set in runtime_flags: 0x8000
12-31 14:24:55.352 25781 25814 E VPerformance: Fail to get file list moe.nb4a.debug
12-31 14:24:55.527 25822 25822 E libc    : Access denied finding property "ro.vendor.net.upload.benchmark.default"
12-31 14:24:55.747 25781 25800 E DatabaseUtils: Writing exception to parcel
12-31 14:24:55.747 25781 25800 E DatabaseUtils: java.lang.SecurityException: Permission Denial: reading androidx.core.content.FileProvider uri content://moe.nb4a.debug.cache/cache/log/NB4A%20Crash%205360082417747811783.log from pid=7880, uid=1000 requires the provider be exported, or grantUriPermission()
12-31 14:24:55.747 25781 25800 E DatabaseUtils: 	at android.content.ContentProvider.enforceReadPermissionInner(ContentProvider.java:795)
12-31 14:24:55.747 25781 25800 E DatabaseUtils: 	at android.content.ContentProvider$Transport.enforceReadPermission(ContentProvider.java:659)
12-31 14:24:55.747 25781 25800 E DatabaseUtils: 	at android.content.ContentProvider$Transport.query(ContentProvider.java:259)
12-31 14:24:55.747 25781 25800 E DatabaseUtils: 	at android.content.ContentProviderNative.onTransact(ContentProviderNative.java:104)
12-31 14:24:55.747 25781 25800 E DatabaseUtils: 	at android.os.Binder.execTransactInternal(Binder.java:1021)
12-31 14:24:55.747 25781 25800 E DatabaseUtils: 	at android.os.Binder.execTransact(Binder.java:994)
12-31 14:24:55.750 25781 25800 E DatabaseUtils: Writing exception to parcel
12-31 14:24:55.750 25781 25800 E DatabaseUtils: java.lang.SecurityException: Permission Denial: reading androidx.core.content.FileProvider uri content://moe.nb4a.debug.cache/cache/log/NB4A%20Crash%205360082417747811783.log from pid=7880, uid=1000 requires the provider be exported, or grantUriPermission()
12-31 14:24:55.750 25781 25800 E DatabaseUtils: 	at android.content.ContentProvider.enforceReadPermissionInner(ContentProvider.java:795)
12-31 14:24:55.750 25781 25800 E DatabaseUtils: 	at android.content.ContentProvider$Transport.enforceReadPermission(ContentProvider.java:659)
12-31 14:24:55.750 25781 25800 E DatabaseUtils: 	at android.content.ContentProvider$Transport.query(ContentProvider.java:259)
12-31 14:24:55.750 25781 25800 E DatabaseUtils: 	at android.content.ContentProviderNative.onTransact(ContentProviderNative.java:104)
12-31 14:24:55.750 25781 25800 E DatabaseUtils: 	at android.os.Binder.execTransactInternal(Binder.java:1021)
12-31 14:24:55.750 25781 25800 E DatabaseUtils: 	at android.os.Binder.execTransact(Binder.java:994)
12-31 14:25:35.941 25781 25781 E AndroidRuntime: FATAL EXCEPTION: main
12-31 14:25:35.941 25781 25781 E AndroidRuntime: Process: moe.nb4a.debug, PID: 25781
12-31 14:25:35.941 25781 25781 E AndroidRuntime: java.lang.RuntimeException: Unable to start activity ComponentInfo{moe.nb4a.debug/io.nekohasekai.sagernet.ui.MainActivity}: android.view.InflateException: Binary XML file line #360 in moe.nb4a.debug:layout/layout_main: Binary XML file line #360 in moe.nb4a.debug:layout/layout_main: Error inflating class android.view.View
12-31 14:25:35.941 25781 25781 E AndroidRuntime: 	at android.app.ActivityThread.performLaunchActivity(ActivityThread.java:3689)
12-31 14:25:35.941 25781 25781 E AndroidRuntime: 	at android.app.ActivityThread.handleLaunchActivity(ActivityThread.java:3844)
12-31 14:25:35.941 25781 25781 E AndroidRuntime: 	at android.app.servertransaction.LaunchActivityItem.execute(LaunchActivityItem.java:101)
12-31 14:25:35.941 25781 25781 E AndroidRuntime: 	at android.app.servertransaction.TransactionExecutor.executeCallbacks(TransactionExecutor.java:135)
12-31 14:25:35.941 25781 25781 E AndroidRuntime: 	at android.app.servertransaction.TransactionExecutor.execute(TransactionExecutor.java:95)
12-31 14:25:35.941 25781 25781 E AndroidRuntime: 	at android.app.ActivityThread$H.handleMessage(ActivityThread.java:2300)
12-31 14:25:35.941 25781 25781 E AndroidRuntime: 	at android.os.Handler.dispatchMessage(Handler.java:107)
12-31 14:25:35.941 25781 25781 E AndroidRuntime: 	at android.os.Looper.loop(Looper.java:230)
12-31 14:25:35.941 25781 25781 E AndroidRuntime: 	at android.app.ActivityThread.main(ActivityThread.java:8040)
12-31 14:25:35.941 25781 25781 E AndroidRuntime: 	at java.lang.reflect.Method.invoke(Native Method)
12-31 14:25:35.941 25781 25781 E AndroidRuntime: 	at com.android.internal.os.RuntimeInit$MethodAndArgsCaller.run(RuntimeInit.java:526)
12-31 14:25:35.941 25781 25781 E AndroidRuntime: 	at com.android.internal.os.ZygoteInit.main(ZygoteInit.java:1034)
12-31 14:25:35.941 25781 25781 E AndroidRuntime: Caused by: android.view.InflateException: Binary XML file line #360 in moe.nb4a.debug:layout/layout_main: Binary XML file line #360 in moe.nb4a.debug:layout/layout_main: Error inflating class android.view.View
12-31 14:25:35.941 25781 25781 E AndroidRuntime: Caused by: android.view.InflateException: Binary XML file line #360 in moe.nb4a.debug:layout/layout_main: Error inflating class android.view.View
12-31 14:25:35.941 25781 25781 E AndroidRuntime: Caused by: java.lang.reflect.InvocationTargetException
12-31 14:25:35.941 25781 25781 E AndroidRuntime: 	at java.lang.reflect.Constructor.newInstance0(Native Method)
12-31 14:25:35.941 25781 25781 E AndroidRuntime: 	at java.lang.reflect.Constructor.newInstance(Constructor.java:343)
12-31 14:25:35.941 25781 25781 E AndroidRuntime: 	at android.view.LayoutInflater.createView(LayoutInflater.java:871)
12-31 14:25:35.941 25781 25781 E AndroidRuntime: 	at android.view.LayoutInflater.createView(LayoutInflater.java:790)
12-31 14:25:35.941 25781 25781 E AndroidRuntime: 	at android.view.LayoutInflater.onCreateView(LayoutInflater.java:966)
12-31 14:25:35.941 25781 25781 E AndroidRuntime: 	at com.android.internal.policy.PhoneLayoutInflater.onCreateView(PhoneLayoutInflater.java:68)
12-31 14:25:35.941 25781 25781 E AndroidRuntime: 	at android.view.LayoutInflater.onCreateView(LayoutInflater.java:983)
12-31 14:25:35.941 25781 25781 E AndroidRuntime: 	at android.view.LayoutInflater.onCreateView(LayoutInflater.java:1003)
12-31 14:25:35.941 25781 25781 E AndroidRuntime: 	at android.view.LayoutInflater.createViewFromTag(LayoutInflater.java:1059)
12-31 14:25:35.941 25781 25781 E AndroidRuntime: 	at android.view.LayoutInflater.createViewFromTag(LayoutInflater.java:1014)
12-31 14:25:35.941 25781 25781 E AndroidRuntime: 	at android.view.LayoutInflater.rInflate(LayoutInflater.java:1193)
12-31 14:25:35.941 25781 25781 E AndroidRuntime: 	at android.view.LayoutInflater.rInflateChildren(LayoutInflater.java:1154)
12-31 14:25:35.941 25781 25781 E AndroidRuntime: 	at android.view.LayoutInflater.rInflate(LayoutInflater.java:1196)
12-31 14:25:35.941 25781 25781 E AndroidRuntime: 	at android.view.LayoutInflater.rInflateChildren(LayoutInflater.java:1154)
12-31 14:25:35.941 25781 25781 E AndroidRuntime: 	at android.view.LayoutInflater.rInflate(LayoutInflater.java:1196)
12-31 14:25:35.941 25781 25781 E AndroidRuntime: 	at android.view.LayoutInflater.rInflateChildren(LayoutInflater.java:1154)
12-31 14:25:35.941 25781 25781 E AndroidRuntime: 	at android.view.LayoutInflater.rInflate(LayoutInflater.java:1196)
12-31 14:25:35.941 25781 25781 E AndroidRuntime: 	at android.view.LayoutInflater.rInflateChildren(LayoutInflater.java:1154)
12-31 14:25:35.941 25781 25781 E AndroidRuntime: 	at android.view.LayoutInflater.rInflate(LayoutInflater.java:1196)
12-31 14:25:35.941 25781 25781 E AndroidRuntime: 	at android.view.LayoutInflater.rInflateChildren(LayoutInflater.java:1154)
12-31 14:25:35.941 25781 25781 E AndroidRuntime: 	at android.view.LayoutInflater.rInflate(LayoutInflater.java:1196)
12-31 14:25:35.941 25781 25781 E AndroidRuntime: 	at android.view.LayoutInflater.rInflateChildren(LayoutInflater.java:1154)
12-31 14:25:35.941 25781 25781 E AndroidRuntime: 	at android.view.LayoutInflater.rInflate(LayoutInflater.java:1196)
12-31 14:25:35.941 25781 25781 E AndroidRuntime: 	at android.view.LayoutInflater.rInflateChildren(LayoutInflater.java:1154)
12-31 14:25:35.941 25781 25781 E AndroidRuntime: 	at android.view.LayoutInflater.inflate(LayoutInflater.java:696)
12-31 14:25:35.941 25781 25781 E AndroidRuntime: 	at android.view.LayoutInflater.inflate(LayoutInflater.java:548)
12-31 14:25:35.941 25781 25781 E AndroidRuntime: 	at io.nekohasekai.sagernet.databinding.LayoutMainBinding.inflate(LayoutMainBinding.java:213)
12-31 14:25:35.941 25781 25781 E AndroidRuntime: 	at io.nekohasekai.sagernet.databinding.LayoutMainBinding.inflate(LayoutMainBinding.java:207)
12-31 14:25:35.941 25781 25781 E AndroidRuntime: 	at io.nekohasekai.sagernet.ui.MainActivity.onCreate(MainActivity.kt:174)
12-31 14:25:35.941 25781 25781 E AndroidRuntime: 	at android.app.Activity.performCreate(Activity.java:7894)
12-31 14:25:35.941 25781 25781 E AndroidRuntime: 	at android.app.Activity.performCreate(Activity.java:7883)
12-31 14:25:35.941 25781 25781 E AndroidRuntime: 	at android.app.Instrumentation.callActivityOnCreate(Instrumentation.java:1353)
12-31 14:25:35.942 25781 25781 E AndroidRuntime: 	at android.app.ActivityThread.performLaunchActivity(ActivityThread.java:3664)
12-31 14:25:35.942 25781 25781 E AndroidRuntime: 	at android.app.ActivityThread.handleLaunchActivity(ActivityThread.java:3844)
12-31 14:25:35.942 25781 25781 E AndroidRuntime: 	at android.app.servertransaction.LaunchActivityItem.execute(LaunchActivityItem.java:101)
12-31 14:25:35.942 25781 25781 E AndroidRuntime: 	at android.app.servertransaction.TransactionExecutor.executeCallbacks(TransactionExecutor.java:135)
12-31 14:25:35.942 25781 25781 E AndroidRuntime: 	at android.app.servertransaction.TransactionExecutor.execute(TransactionExecutor.java:95)
12-31 14:25:35.942 25781 25781 E AndroidRuntime: 	at android.app.ActivityThread$H.handleMessage(ActivityThread.java:2300)
12-31 14:25:35.942 25781 25781 E AndroidRuntime: 	at android.os.Handler.dispatchMessage(Handler.java:107)
12-31 14:25:35.942 25781 25781 E AndroidRuntime: 	at android.os.Looper.loop(Looper.java:230)
12-31 14:25:35.942 25781 25781 E AndroidRuntime: 	at android.app.ActivityThread.main(ActivityThread.java:8040)
12-31 14:25:35.942 25781 25781 E AndroidRuntime: 	at java.lang.reflect.Method.invoke(Native Method)
12-31 14:25:35.942 25781 25781 E AndroidRuntime: 	at com.android.internal.os.RuntimeInit$MethodAndArgsCaller.run(RuntimeInit.java:526)
12-31 14:25:35.942 25781 25781 E AndroidRuntime: 	at com.android.internal.os.ZygoteInit.main(ZygoteInit.java:1034)
12-31 14:25:35.942 25781 25781 E AndroidRuntime: Caused by: java.lang.UnsupportedOperationException: Failed to resolve attribute at index 13: TypedValue{t=0x2/d=0x1010129 a=-1}
12-31 14:25:35.942 25781 25781 E AndroidRuntime: 	at android.content.res.TypedArray.getDrawableForDensity(TypedArray.java:996)
12-31 14:25:35.942 25781 25781 E AndroidRuntime: 	at android.content.res.TypedArray.getDrawable(TypedArray.java:980)
12-31 14:25:35.942 25781 25781 E AndroidRuntime: 	at android.view.View.<init>(View.java:5316)
12-31 14:25:35.942 25781 25781 E AndroidRuntime: 	at android.view.View.<init>(View.java:5201)
12-31 14:25:35.942 25781 25781 E AndroidRuntime: 	at android.view.View.<init>(View.java:5180)
12-31 14:25:35.942 25781 25781 E AndroidRuntime: 	... 44 more
12-31 14:25:35.958 25781 25781 E Thread[main,5,main]: java.lang.RuntimeException: Unable to start activity ComponentInfo{moe.nb4a.debug/io.nekohasekai.sagernet.ui.MainActivity}: android.view.InflateException: Binary XML file line #360 in moe.nb4a.debug:layout/layout_main: Binary XML file line #360 in moe.nb4a.debug:layout/layout_main: Error inflating class android.view.View
12-31 14:25:35.958 25781 25781 E Thread[main,5,main]: 	at android.app.ActivityThread.performLaunchActivity(ActivityThread.java:3689)
12-31 14:25:35.958 25781 25781 E Thread[main,5,main]: 	at android.app.ActivityThread.handleLaunchActivity(ActivityThread.java:3844)
12-31 14:25:35.958 25781 25781 E Thread[main,5,main]: 	at android.app.servertransaction.LaunchActivityItem.execute(LaunchActivityItem.java:101)
12-31 14:25:35.958 25781 25781 E Thread[main,5,main]: 	at android.app.servertransaction.TransactionExecutor.executeCallbacks(TransactionExecutor.java:135)
12-31 14:25:35.958 25781 25781 E Thread[main,5,main]: 	at android.app.servertransaction.TransactionExecutor.execute(TransactionExecutor.java:95)
12-31 14:25:35.958 25781 25781 E Thread[main,5,main]: 	at android.app.ActivityThread$H.handleMessage(ActivityThread.java:2300)
12-31 14:25:35.958 25781 25781 E Thread[main,5,main]: 	at android.os.Handler.dispatchMessage(Handler.java:107)
12-31 14:25:35.958 25781 25781 E Thread[main,5,main]: 	at android.os.Looper.loop(Looper.java:230)
12-31 14:25:35.958 25781 25781 E Thread[main,5,main]: 	at android.app.ActivityThread.main(ActivityThread.java:8040)
12-31 14:25:35.958 25781 25781 E Thread[main,5,main]: 	at java.lang.reflect.Method.invoke(Native Method)
12-31 14:25:35.958 25781 25781 E Thread[main,5,main]: 	at com.android.internal.os.RuntimeInit$MethodAndArgsCaller.run(RuntimeInit.java:526)
12-31 14:25:35.958 25781 25781 E Thread[main,5,main]: 	at com.android.internal.os.ZygoteInit.main(ZygoteInit.java:1034)
12-31 14:25:35.958 25781 25781 E Thread[main,5,main]: Caused by: android.view.InflateException: Binary XML file line #360 in moe.nb4a.debug:layout/layout_main: Binary XML file line #360 in moe.nb4a.debug:layout/layout_main: Error inflating class android.view.View
12-31 14:25:35.958 25781 25781 E Thread[main,5,main]: Caused by: android.view.InflateException: Binary XML file line #360 in moe.nb4a.debug:layout/layout_main: Error inflating class android.view.View
12-31 14:25:35.958 25781 25781 E Thread[main,5,main]: Caused by: java.lang.reflect.InvocationTargetException
12-31 14:25:35.958 25781 25781 E Thread[main,5,main]: 	at java.lang.reflect.Constructor.newInstance0(Native Method)
12-31 14:25:35.958 25781 25781 E Thread[main,5,main]: 	at java.lang.reflect.Constructor.newInstance(Constructor.java:343)
12-31 14:25:35.958 25781 25781 E Thread[main,5,main]: 	at android.view.LayoutInflater.createView(LayoutInflater.java:871)
12-31 14:25:35.958 25781 25781 E Thread[main,5,main]: 	at android.view.LayoutInflater.createView(LayoutInflater.java:790)
12-31 14:25:35.958 25781 25781 E Thread[main,5,main]: 	at android.view.LayoutInflater.onCreateView(LayoutInflater.java:966)
12-31 14:25:35.958 25781 25781 E Thread[main,5,main]: 	at com.android.internal.policy.PhoneLayoutInflater.onCreateView(PhoneLayoutInflater.java:68)
12-31 14:25:35.958 25781 25781 E Thread[main,5,main]: 	at android.view.LayoutInflater.onCreateView(LayoutInflater.java:983)
12-31 14:25:35.958 25781 25781 E Thread[main,5,main]: 	at android.view.LayoutInflater.onCreateView(LayoutInflater.java:1003)
12-31 14:25:35.958 25781 25781 E Thread[main,5,main]: 	at android.view.LayoutInflater.createViewFromTag(LayoutInflater.java:1059)
12-31 14:25:35.958 25781 25781 E Thread[main,5,main]: 	at android.view.LayoutInflater.createViewFromTag(LayoutInflater.java:1014)
12-31 14:25:35.958 25781 25781 E Thread[main,5,main]: 	at android.view.LayoutInflater.rInflate(LayoutInflater.java:1193)
12-31 14:25:35.958 25781 25781 E Thread[main,5,main]: 	at android.view.LayoutInflater.rInflateChildren(LayoutInflater.java:1154)
12-31 14:25:35.958 25781 25781 E Thread[main,5,main]: 	at android.view.LayoutInflater.rInflate(LayoutInflater.java:1196)
12-31 14:25:35.958 25781 25781 E Thread[main,5,main]: 	at android.view.LayoutInflater.rInflateChildren(LayoutInflater.java:1154)
12-31 14:25:35.958 25781 25781 E Thread[main,5,main]: 	at android.view.LayoutInflater.rInflate(LayoutInflater.java:1196)
12-31 14:25:35.958 25781 25781 E Thread[main,5,main]: 	at android.view.LayoutInflater.rInflateChildren(LayoutInflater.java:1154)
12-31 14:25:35.958 25781 25781 E Thread[main,5,main]: 	at android.view.LayoutInflater.rInflate(LayoutInflater.java:1196)
12-31 14:25:35.958 25781 25781 E Thread[main,5,main]: 	at android.view.LayoutInflater.rInflateChildren(LayoutInflater.java:1154)
12-31 14:25:35.958 25781 25781 E Thread[main,5,main]: 	at android.view.LayoutInflater.rInflate(LayoutInflater.java:1196)
12-31 14:25:35.958 25781 25781 E Thread[main,5,main]: 	at android.view.LayoutInflater.rInflateChildren(LayoutInflater.java:1154)
12-31 14:25:35.958 25781 25781 E Thread[main,5,main]: 	at android.view.LayoutInflater.rInflate(LayoutInflater.java:1196)
12-31 14:25:35.958 25781 25781 E Thread[main,5,main]: 	at android.view.LayoutInflater.rInflateChildren(LayoutInflater.java:1154)
12-31 14:25:35.958 25781 25781 E Thread[main,5,main]: 	at android.view.LayoutInflater.rInflate(LayoutInflater.java:1196)
12-31 14:25:35.958 25781 25781 E Thread[main,5,main]: 	at android.view.LayoutInflater.rInflateChildren(LayoutInflater.java:1154)
12-31 14:25:35.958 25781 25781 E Thread[main,5,main]: 	at android.view.LayoutInflater.inflate(LayoutInflater.java:696)
12-31 14:25:35.958 25781 25781 E Thread[main,5,main]: 	at android.view.LayoutInflater.inflate(LayoutInflater.java:548)
12-31 14:25:35.958 25781 25781 E Thread[main,5,main]: 	at io.nekohasekai.sagernet.databinding.LayoutMainBinding.inflate(LayoutMainBinding.java:213)
12-31 14:25:35.958 25781 25781 E Thread[main,5,main]: 	at io.nekohasekai.sagernet.databinding.LayoutMainBinding.inflate(LayoutMainBinding.java:207)
12-31 14:25:35.958 25781 25781 E Thread[main,5,main]: 	at io.nekohasekai.sagernet.ui.MainActivity.onCreate(MainActivity.kt:174)
12-31 14:25:35.958 25781 25781 E Thread[main,5,main]: 	at android.app.Activity.performCreate(Activity.java:7894)
12-31 14:25:35.958 25781 25781 E Thread[main,5,main]: 	at android.app.Activity.performCreate(Activity.java:7883)
12-31 14:25:35.958 25781 25781 E Thread[main,5,main]: 	at android.app.Instrumentation.callActivityOnCreate(Instrumentation.java:1353)
12-31 14:25:35.958 25781 25781 E Thread[main,5,main]: 	at android.app.ActivityThread.performLaunchActivity(ActivityThread.java:3664)
12-31 14:25:35.958 25781 25781 E Thread[main,5,main]: 	at android.app.ActivityThread.handleLaunchActiv
12-31 14:25:36.152 25781 25808 F go/Seq  : failed to attach current thread
12-31 14:25:36.153 25781 25808 F libc    : Fatal signal 6 (SIGABRT), code -1 (SI_QUEUE) in tid 25808 (moe.nb4a.debug), pid 25781 (Shutdown thread)
12-31 14:25:36.234 26023 26023 E libc    : Access denied finding property "ro.vendor.net.upload.benchmark.default"
12-31 14:25:36.243 26023 26023 F DEBUG   : Softversion: PD1838_A_7.9.50
12-31 14:25:36.243 26023 26023 F DEBUG   : Time: 2025-12-31 14:25:36
12-31 14:25:36.243 26023 26023 F DEBUG   : *** *** *** *** *** *** *** *** *** *** *** *** *** *** *** ***
12-31 14:25:36.243 26023 26023 F DEBUG   : Build fingerprint: 'vivo/PD1838/PD1838:10/QP1A.190711.020/compiler08291806:user/release-keys'
12-31 14:25:36.243 26023 26023 F DEBUG   : Revision: '0'
12-31 14:25:36.243 26023 26023 F DEBUG   : ABI: 'arm64'
12-31 14:25:36.243 26023 26023 F DEBUG   : Timestamp: 2025-12-31 14:25:36+0800
12-31 14:25:36.243 26023 26023 F DEBUG   : pid: 25781, tid: 25808, name: moe.nb4a.debug  >>> moe.nb4a.debug <<<
12-31 14:25:36.243 26023 26023 F DEBUG   : uid: 10266
12-31 14:25:36.243 26023 26023 F DEBUG   : signal 6 (SIGABRT), code -1 (SI_QUEUE), fault addr --------
12-31 14:25:36.243 26023 26023 F DEBUG   : Abort message: 'failed to attach current thread'
12-31 14:25:36.243 26023 26023 F DEBUG   :     x0  0000000000000000  x1  00000000000064d0  x2  0000000000000006  x3  0000006f4943cb40
12-31 14:25:36.243 26023 26023 F DEBUG   :     x4  fefefefefefefee3  x5  fefefefefefefee3  x6  fefefefefefefee3  x7  ffffffffffffffff
12-31 14:25:36.243 26023 26023 F DEBUG   :     x8  00000000000000f0  x9  7f8dd22abcc9b5fc  x10 0000000000000001  x11 0000000000000000
12-31 14:25:36.243 26023 26023 F DEBUG   :     x12 fffffff0fffffbdf  x13 ffffffffffffffff  x14 0000000000000004  x15 ffffffffffffffff
12-31 14:25:36.243 26023 26023 F DEBUG   :     x16 0000007085bec738  x17 0000007085bcaad0  x18 0000006f491ce000  x19 00000000000064b5
12-31 14:25:36.243 26023 26023 F DEBUG   :     x20 00000000000064d0  x21 00000000ffffffff  x22 0000000000000001  x23 ffffffffffffffe4
12-31 14:25:36.243 26023 26023 F DEBUG   :     x24 0000000000000004  x25 0000006f95c50098  x26 0000006f95457440  x27 0000000000000010
12-31 14:25:36.243 26023 26023 F DEBUG   :     x28 00000040001021c0  x29 0000006f4943cbe0
12-31 14:25:36.243 26023 26023 F DEBUG   :     sp  0000006f4943cb20  lr  0000007085b7c404  pc  0000007085b7c430
12-31 14:25:36.244 26023 26023 F DEBUG   : 
12-31 14:25:36.244 26023 26023 F DEBUG   : backtrace:
12-31 14:25:36.244 26023 26023 F DEBUG   :       #00 pc 0000000000073430  /apex/com.android.runtime/lib64/bionic/libc.so (abort+160) (BuildId: a4daf2e04f718c37c6865189e8f4f214)
12-31 14:25:36.244 26023 26023 F DEBUG   :       #01 pc 0000000000e02690  /data/app/moe.nb4a.debug-7hcocBghFkQKVzwzB-G9tw==/lib/arm64/libgojni.so (cproxylibcore_HTTPResponse_GetHeader+40) (BuildId: 5935062f335c0499354d86d767929559ce401b13)
12-31 14:25:36.244 26023 26023 F DEBUG   :       #02 pc 0000000000e026a4  /data/app/moe.nb4a.debug-7hcocBghFkQKVzwzB-G9tw==/lib/arm64/libgojni.so (cproxylibcore_HTTPResponse_GetHeader+60) (BuildId: 5935062f335c0499354d86d767929559ce401b13)
12-31 14:25:36.244 26023 26023 F DEBUG   :       #03 pc 000000000056c788  /data/app/moe.nb4a.debug-7hcocBghFkQKVzwzB-G9tw==/lib/arm64/libgojni.so (BuildId: 5935062f335c0499354d86d767929559ce401b13)
12-31 14:25:36.570 26027 26027 E a.debug:phoeni: Unknown bits set in runtime_flags: 0x8000
12-31 14:25:37.285 26070 26070 E moe.nb4a.debug: Unknown bits set in runtime_flags: 0x8000
12-31 14:25:38.003 26070 26108 E VPerformance: Fail to get file list moe.nb4a.debug
12-31 14:25:38.161 26122 26122 E libc    : Access denied finding property "ro.vendor.net.upload.benchmark.default"


